0 info it worked if it ends with ok
1 verbose cli [ '/usr/local/bin/node',
1 verbose cli   '/usr/local/bin/npm',
1 verbose cli   'install',
1 verbose cli   'grunt' ]
2 info using npm@3.10.10
3 info using node@v6.10.1
4 verbose config Skipping project config: /Users/Matt/.npmrc. (matches userconfig)
5 silly loadCurrentTree Starting
6 silly install loadCurrentTree
7 silly install readLocalPackageData
8 silly fetchPackageMetaData grunt
9 silly fetchNamedPackageData grunt
10 silly mapToRegistry name grunt
11 silly mapToRegistry using default registry
12 silly mapToRegistry registry https://registry.npmjs.org/
13 silly mapToRegistry data Result {
13 silly mapToRegistry   raw: 'grunt',
13 silly mapToRegistry   scope: null,
13 silly mapToRegistry   escapedName: 'grunt',
13 silly mapToRegistry   name: 'grunt',
13 silly mapToRegistry   rawSpec: '',
13 silly mapToRegistry   spec: 'latest',
13 silly mapToRegistry   type: 'tag' }
14 silly mapToRegistry uri https://registry.npmjs.org/grunt
15 verbose request uri https://registry.npmjs.org/grunt
16 verbose request no auth needed
17 info attempt registry request try #1 at 8:51:32 PM
18 verbose request id 368a9c219ff193a9
19 verbose etag W/"58e5fcf1-18ac6"
20 verbose lastModified Thu, 06 Apr 2017 08:31:45 GMT
21 http request GET https://registry.npmjs.org/grunt
22 http 304 https://registry.npmjs.org/grunt
23 verbose headers { date: 'Fri, 07 Apr 2017 00:51:32 GMT',
23 verbose headers   via: '1.1 varnish',
23 verbose headers   'cache-control': 'max-age=300',
23 verbose headers   etag: 'W/"58e5fcf1-18ac6"',
23 verbose headers   age: '69',
23 verbose headers   connection: 'keep-alive',
23 verbose headers   'x-served-by': 'cache-atl6240-ATL',
23 verbose headers   'x-cache': 'HIT',
23 verbose headers   'x-cache-hits': '1',
23 verbose headers   'x-timer': 'S1491526292.305283,VS0,VE1',
23 verbose headers   vary: 'Accept-Encoding' }
24 silly get cb [ 304,
24 silly get   { date: 'Fri, 07 Apr 2017 00:51:32 GMT',
24 silly get     via: '1.1 varnish',
24 silly get     'cache-control': 'max-age=300',
24 silly get     etag: 'W/"58e5fcf1-18ac6"',
24 silly get     age: '69',
24 silly get     connection: 'keep-alive',
24 silly get     'x-served-by': 'cache-atl6240-ATL',
24 silly get     'x-cache': 'HIT',
24 silly get     'x-cache-hits': '1',
24 silly get     'x-timer': 'S1491526292.305283,VS0,VE1',
24 silly get     vary: 'Accept-Encoding' } ]
25 verbose etag https://registry.npmjs.org/grunt from cache
26 verbose get saving grunt to /Users/Matt/.npm/registry.npmjs.org/grunt/.cache.json
27 verbose correctMkdir /Users/Matt/.npm correctMkdir not in flight; initializing
28 silly install normalizeTree
29 silly loadCurrentTree Finishing
30 silly loadIdealTree Starting
31 silly install loadIdealTree
32 silly cloneCurrentTree Starting
33 silly install cloneCurrentTreeToIdealTree
34 silly cloneCurrentTree Finishing
35 silly loadShrinkwrap Starting
36 silly install loadShrinkwrap
37 silly loadShrinkwrap Finishing
38 silly loadAllDepsIntoIdealTree Starting
39 silly install loadAllDepsIntoIdealTree
40 silly rollbackFailedOptional Starting
41 silly rollbackFailedOptional Finishing
42 silly runTopLevelLifecycles Finishing
43 silly install printInstalled
44 verbose stack Error: Refusing to install grunt as a dependency of itself
44 verbose stack     at checkSelf (/usr/local/lib/node_modules/npm/lib/install/validate-args.js:53:14)
44 verbose stack     at Array.<anonymous> (/usr/local/lib/node_modules/npm/node_modules/slide/lib/bind-actor.js:15:8)
44 verbose stack     at LOOP (/usr/local/lib/node_modules/npm/node_modules/slide/lib/chain.js:15:14)
44 verbose stack     at chain (/usr/local/lib/node_modules/npm/node_modules/slide/lib/chain.js:20:5)
44 verbose stack     at /usr/local/lib/node_modules/npm/lib/install/validate-args.js:16:5
44 verbose stack     at /usr/local/lib/node_modules/npm/node_modules/slide/lib/async-map.js:52:35
44 verbose stack     at Array.forEach (native)
44 verbose stack     at /usr/local/lib/node_modules/npm/node_modules/slide/lib/async-map.js:52:11
44 verbose stack     at Array.forEach (native)
44 verbose stack     at asyncMap (/usr/local/lib/node_modules/npm/node_modules/slide/lib/async-map.js:51:8)
45 verbose cwd /Users/Matt/Desktop/portfolio
46 error Darwin 15.6.0
47 error argv "/usr/local/bin/node" "/usr/local/bin/npm" "install" "grunt"
48 error node v6.10.1
49 error npm  v3.10.10
50 error code ENOSELF
51 error Refusing to install grunt as a dependency of itself
52 error If you need help, you may report this error at:
52 error     <https://github.com/npm/npm/issues>
53 verbose exit [ 1, true ]
